<?xml version="1.0" encoding="UTF-8"?>
<!-- Generated by org.testng.reporters.JUnitXMLReporter -->
<testsuite hostname="EMEA-TUN-LP0709" name="CalcTest(failed)(failed)" tests="10" failures="0" timestamp="1 Dec 2018 21:05:35 GMT" time="116.006" errors="0">
  <testcase name="verifyAddition" time="0.4" classname="LogMeInCalcTest.CalculatorTestClass"/>
  <testcase name="verifyAddition" time="0.276" classname="LogMeInCalcTest.CalculatorTestClass"/>
  <testcase name="verifyAddition" time="0.661" classname="LogMeInCalcTest.CalculatorTestClass"/>
  <testcase name="verifyAddition" time="0.284" classname="LogMeInCalcTest.CalculatorTestClass"/>
  <testcase name="verifyAddition" time="0.294" classname="LogMeInCalcTest.CalculatorTestClass"/>
  <testcase name="verifyAddition" time="0.597" classname="LogMeInCalcTest.CalculatorTestClass"/>
  <testcase name="verifyAddition" time="0.507" classname="LogMeInCalcTest.CalculatorTestClass"/>
  <testcase name="verifyAddition" time="0.3" classname="LogMeInCalcTest.CalculatorTestClass"/>
  <testcase name="verifyAddition" time="0.743" classname="LogMeInCalcTest.CalculatorTestClass"/>
  <testcase name="verifyAddition" time="0.366" classname="LogMeInCalcTest.CalculatorTestClass"/>
</testsuite> <!-- CalcTest(failed)(failed) -->
